Release 14.7 - xst P.20131013 (lin64)
Copyright (c) 1995-2013 Xilinx, Inc.  All rights reserved.
--> 
Parameter TMPDIR set to xst/projnav.tmp


Total REAL time to Xst completion: 0.00 secs
Total CPU time to Xst completion: 0.03 secs
 
--> 
Parameter xsthdpdir set to xst


Total REAL time to Xst completion: 0.00 secs
Total CPU time to Xst completion: 0.03 secs
 
--> 
Reading design: main.prj

TABLE OF CONTENTS
  1) Synthesis Options Summary
  2) HDL Parsing
  3) HDL Elaboration
  4) HDL Synthesis
       4.1) HDL Synthesis Report
  5) Advanced HDL Synthesis
       5.1) Advanced HDL Synthesis Report
  6) Low Level Synthesis
  7) Partition Report
  8) Design Summary
       8.1) Primitive and Black Box Usage
       8.2) Device utilization summary
       8.3) Partition Resource Summary
       8.4) Timing Report
            8.4.1) Clock Information
            8.4.2) Asynchronous Control Signals Information
            8.4.3) Timing Summary
            8.4.4) Timing Details
            8.4.5) Cross Clock Domains Report


=========================================================================
*                      Synthesis Options Summary                        *
=========================================================================
---- Source Parameters
Input File Name                    : "main.prj"
Ignore Synthesis Constraint File   : NO

---- Target Parameters
Output File Name                   : "main"
Output Format                      : NGC
Target Device                      : xc6slx16-3-csg324

---- Source Options
Top Module Name                    : main
Automatic FSM Extraction           : YES
FSM Encoding Algorithm             : Auto
Safe Implementation                : No
FSM Style                          : LUT
RAM Extraction                     : Yes
RAM Style                          : Auto
ROM Extraction                     : Yes
Shift Register Extraction          : YES
ROM Style                          : Auto
Resource Sharing                   : YES
Asynchronous To Synchronous        : NO
Shift Register Minimum Size        : 2
Use DSP Block                      : Auto
Automatic Register Balancing       : No

---- Target Options
LUT Combining                      : Auto
Reduce Control Sets                : Auto
Add IO Buffers                     : YES
Global Maximum Fanout              : 100000
Add Generic Clock Buffer(BUFG)     : 16
Register Duplication               : YES
Optimize Instantiated Primitives   : NO
Use Clock Enable                   : Auto
Use Synchronous Set                : Auto
Use Synchronous Reset              : Auto
Pack IO Registers into IOBs        : Auto
Equivalent register Removal        : YES

---- General Options
Optimization Goal                  : Speed
Optimization Effort                : 1
Power Reduction                    : NO
Keep Hierarchy                     : No
Netlist Hierarchy                  : As_Optimized
RTL Output                         : Yes
Global Optimization                : AllClockNets
Read Cores                         : YES
Write Timing Constraints           : NO
Cross Clock Analysis               : NO
Hierarchy Separator                : /
Bus Delimiter                      : <>
Case Specifier                     : Maintain
Slice Utilization Ratio            : 100
BRAM Utilization Ratio             : 100
DSP48 Utilization Ratio            : 100
Auto BRAM Packing                  : NO
Slice Utilization Ratio Delta      : 5

=========================================================================


=========================================================================
*                          HDL Parsing                                  *
=========================================================================
Parsing VHDL file "/home/aluno/Documentos/formiga-20231020T164337Z-001/elevador/disp.vhd" into library work
Parsing entity <disp>.
Parsing architecture <behavioral> of entity <disp>.
Parsing VHDL file "/home/aluno/Documentos/formiga-20231020T164337Z-001/elevador/main.vhd" into library work
Parsing entity <main>.
Parsing architecture <Behavioral> of entity <main>.

=========================================================================
*                            HDL Elaboration                            *
=========================================================================

Elaborating entity <main> (architecture <Behavioral>) from library <work>.

Elaborating entity <disp> (architecture <behavioral>) from library <work>.

=========================================================================
*                           HDL Synthesis                               *
=========================================================================

Synthesizing Unit <main>.
    Related source file is "/home/aluno/Documentos/formiga-20231020T164337Z-001/elevador/main.vhd".
WARNING:Xst:647 - Input <botao_elev_0> is never used. This port will be preserved and left unconnected if it belongs to a top-level block or it belongs to a sub-block and the hierarchy of this sub-block is preserved.
WARNING:Xst:647 - Input <botao_elev_1> is never used. This port will be preserved and left unconnected if it belongs to a top-level block or it belongs to a sub-block and the hierarchy of this sub-block is preserved.
WARNING:Xst:647 - Input <botao_elev_2> is never used. This port will be preserved and left unconnected if it belongs to a top-level block or it belongs to a sub-block and the hierarchy of this sub-block is preserved.
WARNING:Xst:647 - Input <botao_elev_3> is never used. This port will be preserved and left unconnected if it belongs to a top-level block or it belongs to a sub-block and the hierarchy of this sub-block is preserved.
WARNING:Xst:647 - Input <botao_elev_terreo> is never used. This port will be preserved and left unconnected if it belongs to a top-level block or it belongs to a sub-block and the hierarchy of this sub-block is preserved.
    Found 3-bit register for signal <andar_atual>.
    Found 3-bit register for signal <estado_atual>.
    Found 1-bit register for signal <aberto>.
    Found 3-bit register for signal <prox_andar>.
    Found 1-bit register for signal <fechar_porta>.
    Found finite state machine <FSM_0> for signal <estado_atual>.
    -----------------------------------------------------------------------
    | States             | 5                                              |
    | Transitions        | 13                                             |
    | Inputs             | 6                                              |
    | Outputs            | 5                                              |
    | Clock              | clk (rising_edge)                              |
    | Reset              | reset (positive)                               |
    | Reset type         | asynchronous                                   |
    | Reset State        | parado                                         |
    | Power Up State     | parado                                         |
    | Encoding           | auto                                           |
    | Implementation     | LUT                                            |
    -----------------------------------------------------------------------
    Found 3-bit adder for signal <andar_atual[2]_GND_3_o_add_13_OUT> created at line 88.
    Found 3-bit subtractor for signal <GND_3_o_GND_3_o_sub_18_OUT<2:0>> created at line 95.
    Found 3-bit comparator greater for signal <andar_atual[2]_prox_andar[2]_LessThan_13_o> created at line 87
    Found 3-bit comparator greater for signal <prox_andar[2]_andar_atual[2]_LessThan_17_o> created at line 94
    Summary:
	inferred   1 Adder/Subtractor(s).
	inferred   8 D-type flip-flop(s).
	inferred   2 Comparator(s).
	inferred   2 Multiplexer(s).
	inferred   1 Finite State Machine(s).
Unit <main> synthesized.

Synthesizing Unit <disp>.
    Related source file is "/home/aluno/Documentos/formiga-20231020T164337Z-001/elevador/disp.vhd".
    Found 16x7-bit Read Only RAM for signal <leds>
    Summary:
	inferred   1 RAM(s).
Unit <disp> synthesized.

=========================================================================
HDL Synthesis Report

Macro Statistics
# RAMs                                                 : 1
 16x7-bit single-port Read Only RAM                    : 1
# Adders/Subtractors                                   : 1
 3-bit addsub                                          : 1
# Registers                                            : 4
 1-bit register                                        : 2
 3-bit register                                        : 2
# Comparators                                          : 2
 3-bit comparator greater                              : 2
# Multiplexers                                         : 2
 3-bit 2-to-1 multiplexer                              : 2
# FSMs                                                 : 1

=========================================================================
INFO:Xst:1767 - HDL ADVISOR - Resource sharing has identified that some arithmetic operations in this design can share the same physical resources for reduced device utilization. For improved clock frequency you may try to disable resource sharing.

=========================================================================
*                       Advanced HDL Synthesis                          *
=========================================================================


Synthesizing (advanced) Unit <disp>.
INFO:Xst:3218 - HDL ADVISOR - The RAM <Mram_leds> will be implemented on LUTs either because you have described an asynchronous read or because of currently unsupported block RAM features. If you have described an asynchronous read, making it synchronous would allow you to take advantage of available block RAM resources, for optimized device usage and improved timings. Please refer to your documentation for coding guidelines.
    -----------------------------------------------------------------------
    | ram_type           | Distributed                         |          |
    -----------------------------------------------------------------------
    | Port A                                                              |
    |     aspect ratio   | 16-word x 7-bit                     |          |
    |     weA            | connected to signal <GND>           | high     |
    |     addrA          | connected to signal <n>             |          |
    |     diA            | connected to signal <GND>           |          |
    |     doA            | connected to signal <leds>          |          |
    -----------------------------------------------------------------------
Unit <disp> synthesized (advanced).

Synthesizing (advanced) Unit <main>.
The following registers are absorbed into counter <andar_atual>: 1 register on signal <andar_atual>.
Unit <main> synthesized (advanced).

=========================================================================
Advanced HDL Synthesis Report

Macro Statistics
# RAMs                                                 : 1
 16x7-bit single-port distributed Read Only RAM        : 1
# Counters                                             : 1
 3-bit updown counter                                  : 1
# Registers                                            : 5
 Flip-Flops                                            : 5
# Comparators                                          : 2
 3-bit comparator greater                              : 2
# Multiplexers                                         : 2
 3-bit 2-to-1 multiplexer                              : 2
# FSMs                                                 : 1

=========================================================================

=========================================================================
*                         Low Level Synthesis                           *
=========================================================================
Analyzing FSM <MFsm> for best encoding.
Optimizing FSM <FSM_0> on signal <estado_atual[1:3]> with sequential encoding.
----------------------------
 State          | Encoding
----------------------------
 parado         | 000
 subindo        | 010
 descendo       | 001
 porta_aberta   | 011
 fechando_porta | 100
----------------------------
WARNING:Xst:1710 - FF/Latch <prox_andar_2> (without init value) has a constant value of 0 in block <main>. This FF/Latch will be trimmed during the optimization process.

Optimizing unit <main> ...
WARNING:Xst:1293 - FF/Latch <andar_atual_2> has a constant value of 0 in block <main>. This FF/Latch will be trimmed during the optimization process.

Mapping all equations...
Building and optimizing final netlist ...
Found area constraint ratio of 100 (+ 5) on block main, actual ratio is 0.

Final Macro Processing ...

=========================================================================
Final Register Report

Macro Statistics
# Registers                                            : 9
 Flip-Flops                                            : 9

=========================================================================

=========================================================================
*                           Partition Report                            *
=========================================================================

Partition Implementation Status
-------------------------------

  No Partitions were found in this design.

-------------------------------

=========================================================================
*                            Design Summary                             *
=========================================================================

Top Level Output File Name         : main.ngc

Primitive and Black Box Usage:
------------------------------
# BELS                             : 25
#      GND                         : 1
#      INV                         : 3
#      LUT2                        : 7
#      LUT3                        : 2
#      LUT4                        : 5
#      LUT5                        : 3
#      LUT6                        : 4
# FlipFlops/Latches                : 9
#      FDC                         : 4
#      FDCE                        : 2
#      FDE                         : 3
# Clock Buffers                    : 1
#      BUFGP                       : 1
# IO Buffers                       : 17
#      IBUF                        : 5
#      OBUF                        : 12

Device utilization summary:
---------------------------

Selected Device : 6slx16csg324-3 


Slice Logic Utilization: 
 Number of Slice Registers:               9  out of  18224     0%  
 Number of Slice LUTs:                   24  out of   9112     0%  
    Number used as Logic:                24  out of   9112     0%  

Slice Logic Distribution: 
 Number of LUT Flip Flop pairs used:     24
   Number with an unused Flip Flop:      15  out of     24    62%  
   Number with an unused LUT:             0  out of     24     0%  
   Number of fully used LUT-FF pairs:     9  out of     24    37%  
   Number of unique control sets:         4

IO Utilization: 
 Number of IOs:                          24
 Number of bonded IOBs:                  18  out of    232     7%  

Specific Feature Utilization:
 Number of BUFG/BUFGCTRLs:                1  out of     16     6%  

---------------------------
Partition Resource Summary:
---------------------------

  No Partitions were found in this design.

---------------------------


=========================================================================
Timing Report

NOTE: THESE TIMING NUMBERS ARE ONLY A SYNTHESIS ESTIMATE.
      FOR ACCURATE TIMING INFORMATION PLEASE REFER TO THE TRACE REPORT
      GENERATED AFTER PLACE-and-ROUTE.

Clock Information:
------------------
-----------------------------------+------------------------+-------+
Clock Signal                       | Clock buffer(FF name)  | Load  |
-----------------------------------+------------------------+-------+
clk                                | BUFGP                  | 9     |
-----------------------------------+------------------------+-------+

Asynchronous Control Signals Information:
----------------------------------------
No asynchronous control signals found in this design

Timing Summary:
---------------
Speed Grade: -3

   Minimum period: 2.621ns (Maximum Frequency: 381.497MHz)
   Minimum input arrival time before clock: 4.421ns
   Maximum output required time after clock: 4.771ns
   Maximum combinational path delay: No path found

Timing Details:
---------------
All values displayed in nanoseconds (ns)

=========================================================================
Timing constraint: Default period analysis for Clock 'clk'
  Clock period: 2.621ns (frequency: 381.497MHz)
  Total number of paths / destination ports: 58 / 14
-------------------------------------------------------------------------
Delay:               2.621ns (Levels of Logic = 2)
  Source:            prox_andar_1 (FF)
  Destination:       estado_atual_FSM_FFd2 (FF)
  Source Clock:      clk rising
  Destination Clock: clk rising

  Data Path: prox_andar_1 to estado_atual_FSM_FFd2
                                Gate     Net
    Cell:in->out      fanout   Delay   Delay  Logical Name (Net Name)
    ----------------------------------------  ------------
     FDE:C->Q              5   0.447   0.943  prox_andar_1 (prox_andar_1)
     LUT4:I1->O            2   0.205   0.721  prox_andar[2]_andar_atual[2]_LessThan_17_o1 (prox_andar[2]_andar_atual[2]_LessThan_17_o)
     LUT6:I4->O            1   0.203   0.000  aberto_rstpot (aberto_rstpot)
     FDC:D                     0.102          aberto
    ----------------------------------------
    Total                      2.621ns (0.957ns logic, 1.664ns route)
                                       (36.5% logic, 63.5% route)

=========================================================================
Timing constraint: Default OFFSET IN BEFORE for Clock 'clk'
  Total number of paths / destination ports: 32 / 11
-------------------------------------------------------------------------
Offset:              4.421ns (Levels of Logic = 4)
  Source:            botao_andar_2 (PAD)
  Destination:       prox_andar_0 (FF)
  Destination Clock: clk rising

  Data Path: botao_andar_2 to prox_andar_0
                                Gate     Net
    Cell:in->out      fanout   Delay   Delay  Logical Name (Net Name)
    ----------------------------------------  ------------
     IBUF:I->O             5   1.222   0.943  botao_andar_2_IBUF (botao_andar_2_IBUF)
     LUT3:I0->O            1   0.205   0.924  _n0156_inv_SW0 (N01)
     LUT5:I0->O            2   0.203   0.617  _n0156_inv_rstpot (_n0156_inv_rstpot)
     LUT5:I4->O            1   0.205   0.000  prox_andar_0_dpot (prox_andar_0_dpot)
     FDE:D                     0.102          prox_andar_0
    ----------------------------------------
    Total                      4.421ns (1.937ns logic, 2.484ns route)
                                       (43.8% logic, 56.2% route)

=========================================================================
Timing constraint: Default OFFSET OUT AFTER for Clock 'clk'
  Total number of paths / destination ports: 14 / 10
-------------------------------------------------------------------------
Offset:              4.771ns (Levels of Logic = 2)
  Source:            andar_atual_1 (FF)
  Destination:       leds<3> (PAD)
  Source Clock:      clk rising

  Data Path: andar_atual_1 to leds<3>
                                Gate     Net
    Cell:in->out      fanout   Delay   Delay  Logical Name (Net Name)
    ----------------------------------------  ------------
     FDCE:C->Q             9   0.447   0.934  andar_atual_1 (andar_atual_1)
     LUT2:I0->O            2   0.203   0.616  u1/Mram_leds11 (leds_0_OBUF)
     OBUF:I->O                 2.571          leds_0_OBUF (leds<0>)
    ----------------------------------------
    Total                      4.771ns (3.221ns logic, 1.550ns route)
                                       (67.5% logic, 32.5% route)

=========================================================================

Cross Clock Domains Report:
--------------------------

Clock to Setup on destination clock clk
---------------+---------+---------+---------+---------+
               | Src:Rise| Src:Fall| Src:Rise| Src:Fall|
Source Clock   |Dest:Rise|Dest:Rise|Dest:Fall|Dest:Fall|
---------------+---------+---------+---------+---------+
clk            |    2.621|         |         |         |
---------------+---------+---------+---------+---------+

=========================================================================


Total REAL time to Xst completion: 4.00 secs
Total CPU time to Xst completion: 3.51 secs
 
--> 


Total memory usage is 370976 kilobytes

Number of errors   :    0 (   0 filtered)
Number of warnings :    7 (   0 filtered)
Number of infos    :    2 (   0 filtered)

